  stdafx.cpp
  CMySocket.cpp
F:\pT\pTdlg\MFC_ProcessTree\data.h(82,2): warning C4091: “typedef ”: 没有声明变量时忽略“MESSAGECONTENT”的左侧
F:\pT\pTdlg\MFC_ProcessTree\data.h(98,2): warning C4091: “typedef ”: 没有声明变量时忽略“TOONE”的左侧
  md5.cpp
F:\pT\pTdlg\MFC_ProcessTree\md5.cpp(115,36): warning C4267: “参数”: 从“size_t”转换到“MD5::size_type”，可能丢失数据
  MFC_ProcessTree.cpp
F:\pT\pTdlg\MFC_ProcessTree\data.h(82,2): warning C4091: “typedef ”: 没有声明变量时忽略“MESSAGECONTENT”的左侧
F:\pT\pTdlg\MFC_ProcessTree\data.h(98,2): warning C4091: “typedef ”: 没有声明变量时忽略“TOONE”的左侧
  MFC_ProcessTreeDlg.cpp
F:\pT\pTdlg\MFC_ProcessTree\data.h(82,2): warning C4091: “typedef ”: 没有声明变量时忽略“MESSAGECONTENT”的左侧
F:\pT\pTdlg\MFC_ProcessTree\data.h(98,2): warning C4091: “typedef ”: 没有声明变量时忽略“TOONE”的左侧
F:\pT\pTdlg\MFC_ProcessTree\MFC_ProcessTreeDlg.cpp(394,33): warning C4477: “swprintf_s”: 格式字符串“%d”需要类型“int”的参数，但可变参数 1 拥有了类型“BYTE *”
F:\pT\pTdlg\MFC_ProcessTree\MFC_ProcessTreeDlg.cpp(394,33): warning C4313: “swprintf_s”: 格式字符串中的“%d”与“BYTE *”类型的参数 1 冲突
F:\pT\pTdlg\MFC_ProcessTree\MFC_ProcessTreeDlg.cpp(453,33): warning C4477: “swprintf_s”: 格式字符串“%x”需要类型“unsigned int”的参数，但可变参数 1 拥有了类型“LPVOID”
F:\pT\pTdlg\MFC_ProcessTree\MFC_ProcessTreeDlg.cpp(453,33): warning C4313: “swprintf_s”: 格式字符串中的“%x”与“LPVOID”类型的参数 1 冲突
F:\pT\pTdlg\MFC_ProcessTree\MFC_ProcessTreeDlg.cpp(676,31): warning C4477: “swprintf_s”: 格式字符串“%u”需要类型“unsigned int”的参数，但可变参数 1 拥有了类型“ULONG_PTR”
F:\pT\pTdlg\MFC_ProcessTree\MFC_ProcessTreeDlg.cpp(676,31): message : 请考虑在格式字符串中使用“%llu”
F:\pT\pTdlg\MFC_ProcessTree\MFC_ProcessTreeDlg.cpp(676,31): message : 请考虑在格式字符串中使用“%Iu”
F:\pT\pTdlg\MFC_ProcessTree\MFC_ProcessTreeDlg.cpp(676,31): message : 请考虑在格式字符串中使用“%I64u”
F:\pT\pTdlg\MFC_ProcessTree\MFC_ProcessTreeDlg.cpp(741,37): warning C4267: “初始化”: 从“size_t”转换到“int”，可能丢失数据
F:\pT\pTdlg\MFC_ProcessTree\MFC_ProcessTreeDlg.cpp(833,39): warning C4267: “初始化”: 从“size_t”转换到“int”，可能丢失数据
F:\pT\pTdlg\MFC_ProcessTree\MFC_ProcessTreeDlg.cpp(881,27): warning C4477: “swprintf_s”: 格式字符串“%d”需要类型“int”的参数，但可变参数 1 拥有了类型“SIZE_T”
F:\pT\pTdlg\MFC_ProcessTree\MFC_ProcessTreeDlg.cpp(881,27): message : 请考虑在格式字符串中使用“%lld”
F:\pT\pTdlg\MFC_ProcessTree\MFC_ProcessTreeDlg.cpp(881,27): message : 请考虑在格式字符串中使用“%Id”
F:\pT\pTdlg\MFC_ProcessTree\MFC_ProcessTreeDlg.cpp(881,27): message : 请考虑在格式字符串中使用“%I64d”
F:\pT\pTdlg\MFC_ProcessTree\MFC_ProcessTreeDlg.cpp(959,39): warning C4267: “初始化”: 从“size_t”转换到“int”，可能丢失数据
F:\pT\pTdlg\MFC_ProcessTree\MFC_ProcessTreeDlg.cpp(1023,39): warning C4267: “初始化”: 从“size_t”转换到“int”，可能丢失数据
F:\pT\pTdlg\MFC_ProcessTree\MFC_ProcessTreeDlg.cpp(1082,39): warning C4267: “初始化”: 从“size_t”转换到“int”，可能丢失数据
F:\pT\pTdlg\MFC_ProcessTree\MFC_ProcessTreeDlg.cpp(1213,36): warning C4477: “swprintf_s”: 格式字符串“%x”需要类型“unsigned int”的参数，但可变参数 1 拥有了类型“ULONGLONG”
F:\pT\pTdlg\MFC_ProcessTree\MFC_ProcessTreeDlg.cpp(1213,36): message : 请考虑在格式字符串中使用“%llx”
F:\pT\pTdlg\MFC_ProcessTree\MFC_ProcessTreeDlg.cpp(1213,36): message : 请考虑在格式字符串中使用“%Ix”
F:\pT\pTdlg\MFC_ProcessTree\MFC_ProcessTreeDlg.cpp(1213,36): message : 请考虑在格式字符串中使用“%I64x”
F:\pT\pTdlg\MFC_ProcessTree\MFC_ProcessTreeDlg.cpp(1346,36): warning C4477: “swprintf_s”: 格式字符串“%d”需要类型“int”的参数，但可变参数 1 拥有了类型“ULONGLONG”
F:\pT\pTdlg\MFC_ProcessTree\MFC_ProcessTreeDlg.cpp(1346,36): message : 请考虑在格式字符串中使用“%lld”
F:\pT\pTdlg\MFC_ProcessTree\MFC_ProcessTreeDlg.cpp(1346,36): message : 请考虑在格式字符串中使用“%Id”
F:\pT\pTdlg\MFC_ProcessTree\MFC_ProcessTreeDlg.cpp(1346,36): message : 请考虑在格式字符串中使用“%I64d”
F:\pT\pTdlg\MFC_ProcessTree\MFC_ProcessTreeDlg.cpp(1352,76): warning C4244: “参数”: 从“ULONGLONG”转换到“DWORD”，可能丢失数据
F:\pT\pTdlg\MFC_ProcessTree\MFC_ProcessTreeDlg.cpp(1422,20): warning C4018: “<”: 有符号/无符号不匹配
F:\pT\pTdlg\MFC_ProcessTree\MFC_ProcessTreeDlg.cpp(1441,21): warning C4018: “<”: 有符号/无符号不匹配
F:\pT\pTdlg\MFC_ProcessTree\MFC_ProcessTreeDlg.cpp(1500,22): warning C4018: “<”: 有符号/无符号不匹配
F:\pT\pTdlg\MFC_ProcessTree\MFC_ProcessTreeDlg.cpp(1506,108): warning C4311: “类型强制转换”: 从“PIMAGE_RESOURCE_DIRECTORY”到“DWORD”的指针截断
F:\pT\pTdlg\MFC_ProcessTree\MFC_ProcessTreeDlg.cpp(1506,108): warning C4302: “类型强制转换”: 从“PIMAGE_RESOURCE_DIRECTORY”到“DWORD”截断
F:\pT\pTdlg\MFC_ProcessTree\MFC_ProcessTreeDlg.cpp(1506,109): warning C4312: “类型强制转换”: 从“unsigned long”转换到更大的“PIMAGE_RESOURCE_DIR_STRING_U”
F:\pT\pTdlg\MFC_ProcessTree\MFC_ProcessTreeDlg.cpp(1541,109): warning C4311: “类型强制转换”: 从“PIMAGE_RESOURCE_DIRECTORY”到“DWORD”的指针截断
F:\pT\pTdlg\MFC_ProcessTree\MFC_ProcessTreeDlg.cpp(1541,109): warning C4302: “类型强制转换”: 从“PIMAGE_RESOURCE_DIRECTORY”到“DWORD”截断
F:\pT\pTdlg\MFC_ProcessTree\MFC_ProcessTreeDlg.cpp(1541,110): warning C4312: “类型强制转换”: 从“unsigned long”转换到更大的“PIMAGE_RESOURCE_DIRECTORY”
F:\pT\pTdlg\MFC_ProcessTree\MFC_ProcessTreeDlg.cpp(1544,24): warning C4018: “<”: 有符号/无符号不匹配
F:\pT\pTdlg\MFC_ProcessTree\MFC_ProcessTreeDlg.cpp(1552,110): warning C4311: “类型强制转换”: 从“PIMAGE_RESOURCE_DIRECTORY”到“DWORD”的指针截断
F:\pT\pTdlg\MFC_ProcessTree\MFC_ProcessTreeDlg.cpp(1552,110): warning C4302: “类型强制转换”: 从“PIMAGE_RESOURCE_DIRECTORY”到“DWORD”截断
F:\pT\pTdlg\MFC_ProcessTree\MFC_ProcessTreeDlg.cpp(1552,111): warning C4312: “类型强制转换”: 从“unsigned long”转换到更大的“PIMAGE_RESOURCE_DIR_STRING_U”
F:\pT\pTdlg\MFC_ProcessTree\MFC_ProcessTreeDlg.cpp(1574,111): warning C4311: “类型强制转换”: 从“PIMAGE_RESOURCE_DIRECTORY”到“DWORD”的指针截断
F:\pT\pTdlg\MFC_ProcessTree\MFC_ProcessTreeDlg.cpp(1574,111): warning C4302: “类型强制转换”: 从“PIMAGE_RESOURCE_DIRECTORY”到“DWORD”截断
F:\pT\pTdlg\MFC_ProcessTree\MFC_ProcessTreeDlg.cpp(1574,112): warning C4312: “类型强制转换”: 从“unsigned long”转换到更大的“PIMAGE_RESOURCE_DIRECTORY”
F:\pT\pTdlg\MFC_ProcessTree\MFC_ProcessTreeDlg.cpp(1580,108): warning C4311: “类型强制转换”: 从“PIMAGE_RESOURCE_DIRECTORY”到“DWORD”的指针截断
F:\pT\pTdlg\MFC_ProcessTree\MFC_ProcessTreeDlg.cpp(1580,108): warning C4302: “类型强制转换”: 从“PIMAGE_RESOURCE_DIRECTORY”到“DWORD”截断
F:\pT\pTdlg\MFC_ProcessTree\MFC_ProcessTreeDlg.cpp(1580,109): warning C4312: “类型强制转换”: 从“unsigned long”转换到更大的“PIMAGE_RESOURCE_DATA_ENTRY”
F:\pT\pTdlg\MFC_ProcessTree\MFC_ProcessTreeDlg.cpp(1667,21): warning C4018: “<”: 有符号/无符号不匹配
F:\pT\pTdlg\MFC_ProcessTree\MFC_ProcessTreeDlg.cpp(1698,19): warning C4311: “类型强制转换”: 从“PIMAGE_BASE_RELOCATION”到“DWORD”的指针截断
F:\pT\pTdlg\MFC_ProcessTree\MFC_ProcessTreeDlg.cpp(1698,19): warning C4302: “类型强制转换”: 从“PIMAGE_BASE_RELOCATION”到“DWORD”截断
F:\pT\pTdlg\MFC_ProcessTree\MFC_ProcessTreeDlg.cpp(1698,41): warning C4312: “类型强制转换”: 从“unsigned long”转换到更大的“PIMAGE_BASE_RELOCATION”
F:\pT\pTdlg\MFC_ProcessTree\MFC_ProcessTreeDlg.cpp(1728,35): warning C4477: “swprintf_s”: 格式字符串“%x”需要类型“unsigned int”的参数，但可变参数 1 拥有了类型“ULONGLONG”
F:\pT\pTdlg\MFC_ProcessTree\MFC_ProcessTreeDlg.cpp(1728,35): message : 请考虑在格式字符串中使用“%llx”
F:\pT\pTdlg\MFC_ProcessTree\MFC_ProcessTreeDlg.cpp(1728,35): message : 请考虑在格式字符串中使用“%Ix”
F:\pT\pTdlg\MFC_ProcessTree\MFC_ProcessTreeDlg.cpp(1728,35): message : 请考虑在格式字符串中使用“%I64x”
F:\pT\pTdlg\MFC_ProcessTree\MFC_ProcessTreeDlg.cpp(1735,33): warning C4477: “swprintf_s”: 格式字符串“%x”需要类型“unsigned int”的参数，但可变参数 1 拥有了类型“ULONGLONG”
F:\pT\pTdlg\MFC_ProcessTree\MFC_ProcessTreeDlg.cpp(1735,33): message : 请考虑在格式字符串中使用“%llx”
F:\pT\pTdlg\MFC_ProcessTree\MFC_ProcessTreeDlg.cpp(1735,33): message : 请考虑在格式字符串中使用“%Ix”
F:\pT\pTdlg\MFC_ProcessTree\MFC_ProcessTreeDlg.cpp(1735,33): message : 请考虑在格式字符串中使用“%I64x”
F:\pT\pTdlg\MFC_ProcessTree\MFC_ProcessTreeDlg.cpp(1742,38): warning C4477: “swprintf_s”: 格式字符串“%x”需要类型“unsigned int”的参数，但可变参数 1 拥有了类型“ULONGLONG”
F:\pT\pTdlg\MFC_ProcessTree\MFC_ProcessTreeDlg.cpp(1742,38): message : 请考虑在格式字符串中使用“%llx”
F:\pT\pTdlg\MFC_ProcessTree\MFC_ProcessTreeDlg.cpp(1742,38): message : 请考虑在格式字符串中使用“%Ix”
F:\pT\pTdlg\MFC_ProcessTree\MFC_ProcessTreeDlg.cpp(1742,38): message : 请考虑在格式字符串中使用“%I64x”
F:\pT\pTdlg\MFC_ProcessTree\MFC_ProcessTreeDlg.cpp(1799,36): warning C4477: “swprintf_s”: 格式字符串“%d”需要类型“int”的参数，但可变参数 1 拥有了类型“ULONGLONG”
F:\pT\pTdlg\MFC_ProcessTree\MFC_ProcessTreeDlg.cpp(1799,36): message : 请考虑在格式字符串中使用“%lld”
F:\pT\pTdlg\MFC_ProcessTree\MFC_ProcessTreeDlg.cpp(1799,36): message : 请考虑在格式字符串中使用“%Id”
F:\pT\pTdlg\MFC_ProcessTree\MFC_ProcessTreeDlg.cpp(1799,36): message : 请考虑在格式字符串中使用“%I64d”
F:\pT\pTdlg\MFC_ProcessTree\MFC_ProcessTreeDlg.cpp(1805,76): warning C4244: “参数”: 从“ULONGLONG”转换到“DWORD”，可能丢失数据
F:\pT\pTdlg\MFC_ProcessTree\MFC_ProcessTreeDlg.cpp(2096,39): warning C4267: “初始化”: 从“size_t”转换到“int”，可能丢失数据
F:\pT\pTdlg\MFC_ProcessTree\MFC_ProcessTreeDlg.cpp(2172,39): warning C4267: “初始化”: 从“size_t”转换到“int”，可能丢失数据
F:\pT\pTdlg\MFC_ProcessTree\MFC_ProcessTreeDlg.cpp(2413,39): warning C4267: “初始化”: 从“size_t”转换到“int”，可能丢失数据
F:\pT\pTdlg\MFC_ProcessTree\MFC_ProcessTreeDlg.cpp(2607,3): warning C4996: 'swprintf': function has been changed to conform with the ISO C standard, adding an extra character count parameter. To use the traditional Microsoft version, set _CRT_NON_CONFORMING_SWPRINTFS.
  MyListCtrl.cpp
  PEFunction.cpp
F:\pT\pTdlg\MFC_ProcessTree\PEFunction.cpp(57,20): warning C4018: “<”: 有符号/无符号不匹配
  正在生成代码...
  MFC_ProcessTree.vcxproj -> F:\pT\pTdlg\MFC_ProcessTree\x64\Debug\MFC_ProcessTree.exe
